Collecting dlib
  Using cached dlib-20.0.0.tar.gz (3.3 MB)
  Installing build dependencies: started
  Installing build dependencies: finished with status 'done'
  Getting requirements to build wheel: started
  Getting requirements to build wheel: finished with status 'done'
  Preparing metadata (pyproject.toml): started
  Preparing metadata (pyproject.toml): finished with status 'done'
Collecting face_recognition
  Using cached face_recognition-1.3.0-py2.py3-none-any.whl.metadata (21 kB)
Collecting face-recognition-models>=0.3.0 (from face_recognition)
  Using cached face_recognition_models-0.3.0-py2.py3-none-any.whl
Requirement already satisfied: Click>=6.0 in c:\users\aditya\desktop\mits\4thsem\macro\applications\ml-core\venv\lib\site-packages (from face_recognition) (8.3.1)
Requirement already satisfied: numpy in c:\users\aditya\desktop\mits\4thsem\macro\applications\ml-core\venv\lib\site-packages (from face_recognition) (2.4.3)
Requirement already satisfied: Pillow in c:\users\aditya\desktop\mits\4thsem\macro\applications\ml-core\venv\lib\site-packages (from face_recognition) (12.1.1)
Requirement already satisfied: colorama in c:\users\aditya\desktop\mits\4thsem\macro\applications\ml-core\venv\lib\site-packages (from Click>=6.0->face_recognition) (0.4.6)
Using cached face_recognition-1.3.0-py2.py3-none-any.whl (15 kB)
Building wheels for collected packages: dlib
  Building wheel for dlib (pyproject.toml): started
  Building wheel for dlib (pyproject.toml): finished with status 'error'
  error: subprocess-exited-with-error
  
  Building wheel for dlib (pyproject.toml) did not run successfully.
  exit code: 1
  
  [41 lines of output]
  running bdist_wheel
  running build
  running build_ext
  
  ================================================================================
  ================================================================================
  ================================================================================
  
                     CMake is not installed on your system!
  
      Or it is possible some broken copy of cmake is installed on your system.
      It is unfortunately very common for python package managers to include
      broken copies of cmake.  So if the error above this refers to some file
      path to a cmake file inside a python or anaconda or miniconda path then you
      should delete that broken copy of cmake from your computer.
  
      Instead, please get an official copy of cmake from one of these known good
      sources of an official cmake:
          - cmake.org (this is how windows users should get cmake)
          - apt install cmake (for Ubuntu or Debian based systems)
          - yum install cmake (for Redhat or CenOS based systems)
  
      On a linux machine you can run `which cmake` to see what cmake you are
      actually using.  If it tells you it's some cmake from any kind of python
      packager delete it and install an official cmake.
  
      More generally, cmake is not installed if when you open a terminal window
      and type
         cmake --version
      you get an error.  So you can use that as a very basic test to see if you
      have cmake installed.  That is, if cmake --version doesn't run from the
      same terminal window from which you are reading this error message, then
      you have not installed cmake.  Windows users should take note that they
      need to tell the cmake installer to add cmake to their PATH.  Since you
      can't run commands that are not in your PATH.  This is how the PATH works
      on Linux as well, but failing to add cmake to the PATH is a particularly
      common problem on windows and rarely a problem on Linux.
  
  ================================================================================
  ================================================================================
  ================================================================================
  [end of output]
  
  note: This error originates from a subprocess, and is likely not a problem with pip.
  ERROR: Failed building wheel for dlib
Failed to build dlib
ERROR: Could not build wheels for dlib, which is required to install pyproject.toml-based projects

[notice] A new release of pip is available: 24.0 -> 26.0.1
[notice] To update, run: C:\Users\ADITYA\Desktop\MITS\4thsem\Macro\Applications\ml-core\venv\Scripts\python.exe -m pip install --upgrade pip
